Master process running on cn02
Directory is /mnt/###############/bonnie
PBS has allocated the following nodes:
cn02 cn02 cn02 cn02 cn02 cn02 cn02 cn02 cn02 cn02 cn02 cn02 cn02 cn02 cn02 cn02
Starting execution at Mon Apr 20 16:24:53 PDT 2020
This job has allocated 16 CPUs
NODEFILE_UNIQ:
cn02-ib
Writing intelligently...done
Rewriting...done
Reading intelligently...done
start 'em...done...done...done...done...done...
Create files in sequential order...done.
Stat files in sequential order...done.
Delete files in sequential order...done.
Create files in random order...done.
Stat files in random order...done.
Delete files in random order...done.
Version  1.98       ------Sequential Output------ --Sequential Input- --Random-
                    -Per Chr- --Block-- -Rewrite- -Per Chr- --Block-- --Seeks--
Name:Size etc        /sec %CP  /sec %CP  /sec %CP  /sec %CP  /sec %CP  /sec %CP
cn02        258008M            227m  24 9499k  28            320m  55  6274 421
Latency                       21970us     201ms             26181us    6026us
Version  1.98       ------Sequential Create------ --------Random Create--------
cn02                -Create-- --Read--- -Delete-- -Create-- --Read--- -Delete--
              files  /sec %CP  /sec %CP  /sec %CP  /sec %CP  /sec %CP  /sec %CP
                 16 16384  27 16384  25 16384  24 16384  26 16384  26 16384  23
Latency              6389us   22358us   17920us   10024us    6661us   10846us
1.98,1.98,cn02,1,1587453146,258008M,,8192,5,,,232611,24,9499,28,,,327625,55,6274,421,16,,,,,569,27,1665,25,1234,24,562,26,1622,26,1207,23,,21970us,201ms,,26181us,6026us,6389us,22358us,17920us,10024us,6661us,10846us
